<?xml version="1.0" encoding="UTF-8"?>
<robot generator="Robot 6.1.1 (Python 3.11.1 on win32)" generated="20230913 12:51:39.367" rpa="false" schemaversion="4">
<suite id="s1" name="TestLogin" source="C:\Program Files\Automatizace\AutomatizaceTestu\Tests\TestLogin.robot">
<test id="s1-t1" name="Login" line="10">
<kw name="Open Browser" library="SeleniumLibrary">
<arg>${url}</arg>
<arg>${browser}</arg>
<arg>options=add_experimental_option("detach", True);add_extension('${EXECDIR}\\AutomatizaceTestu\\ChromeExtension\\SelectorsHubExtension.crx')</arg>
<doc>Opens a new browser instance to the optional ``url``.</doc>
<msg timestamp="20230913 12:51:39.668" level="INFO">Opening browser 'CHROME' to base url 'http://szdc000phant153.d01.uadf.cz/tpi_app/login'.</msg>
<status status="PASS" starttime="20230913 12:51:39.668" endtime="20230913 12:51:42.532"/>
</kw>
<kw name="Maximize Browser Window" library="SeleniumLibrary">
<doc>Maximizes current browser window.</doc>
<status status="PASS" starttime="20230913 12:51:42.533" endtime="20230913 12:51:42.655"/>
</kw>
<kw name="Sleep" library="BuiltIn">
<arg>10</arg>
<doc>Pauses the test executed for the given time.</doc>
<msg timestamp="20230913 12:51:52.656" level="INFO">Slept 10 seconds</msg>
<status status="PASS" starttime="20230913 12:51:42.655" endtime="20230913 12:51:52.656"/>
</kw>
<kw name="Input Text" library="SeleniumLibrary">
<arg>xpath://*[@id="username"]</arg>
<arg>${username}</arg>
<doc>Types the given ``text`` into the text field identified by ``locator``.</doc>
<msg timestamp="20230913 12:51:52.656" level="INFO">Typing text 'admin_test' into text field 'xpath://*[@id="username"]'.</msg>
<status status="PASS" starttime="20230913 12:51:52.656" endtime="20230913 12:51:52.819"/>
</kw>
<kw name="Input Text" library="SeleniumLibrary">
<arg>xpath://*[@id="password"]</arg>
<arg>${password}</arg>
<doc>Types the given ``text`` into the text field identified by ``locator``.</doc>
<msg timestamp="20230913 12:51:52.819" level="INFO">Typing text 'qwe' into text field 'xpath://*[@id="password"]'.</msg>
<status status="PASS" starttime="20230913 12:51:52.819" endtime="20230913 12:51:52.899"/>
</kw>
<kw name="Click Button" library="SeleniumLibrary">
<arg>xpath://button[contains(text(),'Přihlásit')]</arg>
<doc>Clicks the button identified by ``locator``.</doc>
<msg timestamp="20230913 12:51:52.901" level="INFO">Clicking button 'xpath://button[contains(text(),'Přihlásit')]'.</msg>
<status status="PASS" starttime="20230913 12:51:52.899" endtime="20230913 12:51:52.977"/>
</kw>
<kw name="LoadingBike" library="CommonKeywords">
<kw name="Sleep" library="BuiltIn">
<arg>2</arg>
<doc>Pauses the test executed for the given time.</doc>
<msg timestamp="20230913 12:51:54.978" level="INFO">Slept 2 seconds</msg>
<status status="PASS" starttime="20230913 12:51:52.978" endtime="20230913 12:51:54.978"/>
</kw>
<kw name="Wait Until Page Does Not Contain Element" library="SeleniumLibrary">
<arg>xpath://div[@class='ngx-spinner-overlay ng-tns-c15-0 ng-trigger ng-trigger-fadeIn ng-star-inserted']</arg>
<arg>${WAITING_TIME}</arg>
<doc>Waits until the element ``locator`` disappears from the current page.</doc>
<status status="PASS" starttime="20230913 12:51:54.978" endtime="20230913 12:51:56.272"/>
</kw>
<status status="PASS" starttime="20230913 12:51:52.977" endtime="20230913 12:51:56.273"/>
</kw>
<status status="PASS" starttime="20230913 12:51:39.668" endtime="20230913 12:51:56.273"/>
</test>
<status status="PASS" starttime="20230913 12:51:39.371" endtime="20230913 12:51:56.274"/>
</suite>
<statistics>
<total>
<stat pass="1" fail="0" skip="0">All Tests</stat>
</total>
<tag>
</tag>
<suite>
<stat pass="1" fail="0" skip="0" id="s1" name="TestLogin">TestLogin</stat>
</suite>
</statistics>
<errors>
</errors>
</robot>
